SmartBarMobile/app/build/outputs/apk/manifest-merger-debug-report.txt
-- Merging decision tree log ---
manifest
ADDED from AndroidManifest.xml:2:1
	android:label
		ADDED from AndroidManifest.xml:4:5
	xmlns:android
		ADDED from AndroidManifest.xml:2:11
	package
		ADDED from AndroidManifest.xml:3:5
		INJECTED from AndroidManifest.xml:0:0
		INJECTED from AndroidManifest.xml:0:0
	android:versionName
		ADDED from AndroidManifest.xml:7:5
	android:versionCode
		ADDED from AndroidManifest.xml:6:5
		INJECTED from AndroidManifest.xml:0:0
		INJECTED from AndroidManifest.xml:0:0
	android:name
		ADDED from AndroidManifest.xml:5:5
uses-permission#android.permission.INTERNET
ADDED from AndroidManifest.xml:10:5
MERGED from com.braintreepayments.api:braintree:1.4.0:13:5
	android:name
		ADDED from AndroidManifest.xml:10:22
uses-permission#android.permission.USE_CREDENTIALS
ADDED from AndroidManifest.xml:15:5
	android:name
		ADDED from AndroidManifest.xml:15:22
uses-permission#android.permission.GET_ACCOUNTS
ADDED from AndroidManifest.xml:17:5
	android:name
		ADDED from AndroidManifest.xml:17:22
uses-permission#android.permission.READ_PROFILE
ADDED from AndroidManifest.xml:19:5
	android:name
		ADDED from AndroidManifest.xml:19:22
uses-permission#android.permission.READ_CONTACTS
ADDED from AndroidManifest.xml:20:5
	android:name
		ADDED from AndroidManifest.xml:20:22
uses-permission#android.permission.READ_PHONE_STATE
ADDED from AndroidManifest.xml:21:5
	android:name
		ADDED from AndroidManifest.xml:21:22
uses-permission#android.permission.BLUETOOTH
ADDED from AndroidManifest.xml:22:5
	android:name
		ADDED from AndroidManifest.xml:22:22
uses-permission#android.permission.BLUETOOTH_ADMIN
ADDED from AndroidManifest.xml:23:5
	android:name
		ADDED from AndroidManifest.xml:23:22
uses-permission#android.permission.ACCESS_NETWORK_STATE
ADDED from AndroidManifest.xml:24:5
MERGED from com.braintreepayments.api:braintree:1.4.0:12:5
	android:name
		ADDED from AndroidManifest.xml:24:22
application
ADDED from AndroidManifest.xml:26:5
MERGED from com.android.support:support-v4:22.1.1:22:5
MERGED from com.braintreepayments.api:braintree:1.4.0:15:5
	android:supportsRtl
		ADDED from com.braintreepayments.api:braintree:1.4.0:16:9
	android:label
		ADDED from AndroidManifest.xml:30:9
	android:allowBackup
		ADDED from AndroidManifest.xml:28:9
	android:icon
		ADDED from AndroidManifest.xml:29:9
	android:theme
		ADDED from AndroidManifest.xml:31:9
	android:name
		ADDED from AndroidManifest.xml:27:9
	tools:ignore
		ADDED from com.braintreepayments.api:braintree:1.4.0:17:9
activity#com.example.smartbarmobile.StartupActivity
ADDED from AndroidManifest.xml:32:9
	android:label
		ADDED from AndroidManifest.xml:34:13
	android:name
		ADDED from AndroidManifest.xml:33:13
intent-filter#android.intent.action.MAIN+android.intent.category.LAUNCHER
ADDED from AndroidManifest.xml:35:13
action#android.intent.action.MAIN
ADDED from AndroidManifest.xml:36:17
	android:name
		ADDED from AndroidManifest.xml:36:25
category#android.intent.category.LAUNCHER
ADDED from AndroidManifest.xml:37:17
	android:name
		ADDED from AndroidManifest.xml:37:27
activity#com.example.smartbarmobile.LoginActivity
ADDED from AndroidManifest.xml:40:9
	android:windowSoftInputMode
		ADDED from AndroidManifest.xml:44:13
	android:noHistory
		ADDED from AndroidManifest.xml:43:13
	android:label
		ADDED from AndroidManifest.xml:42:13
	android:name
		ADDED from AndroidManifest.xml:41:13
meta-data#com.google.android.gms.version
ADDED from AndroidManifest.xml:47:9
	android:name
		ADDED from AndroidManifest.xml:48:13
	android:value
		ADDED from AndroidManifest.xml:49:13
activity#com.example.smartbarmobile.NewUserActivity
ADDED from AndroidManifest.xml:51:9
	android:windowSoftInputMode
		ADDED from AndroidManifest.xml:55:13
	android:noHistory
		ADDED from AndroidManifest.xml:54:13
	android:label
		ADDED from AndroidManifest.xml:53:13
	android:name
		ADDED from AndroidManifest.xml:52:13
activity#com.example.smartbarmobile.PaymentActivity
ADDED from AndroidManifest.xml:57:9
	android:label
		ADDED from AndroidManifest.xml:59:13
	android:name
		ADDED from AndroidManifest.xml:58:13
activity#com.example.smartbarmobile.LibraryBrowseActivity
ADDED from AndroidManifest.xml:61:9
	android:windowSoftInputMode
		ADDED from AndroidManifest.xml:65:13
	android:noHistory
		ADDED from AndroidManifest.xml:63:13
	android:label
		ADDED from AndroidManifest.xml:64:13
	android:name
		ADDED from AndroidManifest.xml:62:13
activity#com.example.smartbarmobile.ConfirmationActivity
ADDED from AndroidManifest.xml:67:9
	android:noHistory
		ADDED from AndroidManifest.xml:69:13
	android:label
		ADDED from AndroidManifest.xml:70:13
	android:name
		ADDED from AndroidManifest.xml:68:13
activity#com.example.smartbarmobile.DrinkOrderedActivity
ADDED from AndroidManifest.xml:72:9
	android:noHistory
		ADDED from AndroidManifest.xml:74:13
	android:label
		ADDED from AndroidManifest.xml:75:13
	android:name
		ADDED from AndroidManifest.xml:73:13
activity#com.example.smartbarmobile.MissingParamsActivity
ADDED from AndroidManifest.xml:77:9
	android:label
		ADDED from AndroidManifest.xml:79:13
	android:name
		ADDED from AndroidManifest.xml:78:13
activity#com.braintreepayments.api.dropin.BraintreePaymentActivity
ADDED from AndroidManifest.xml:81:9
MERGED from com.braintreepayments.api:braintree:1.4.0:18:9
	android:noHistory
		ADDED from AndroidManifest.xml:83:13
	android:name
		ADDED from AndroidManifest.xml:82:13
activity#com.example.smartbarmobile.ReadyToOrderActivity
ADDED from AndroidManifest.xml:85:9
	android:label
		ADDED from AndroidManifest.xml:87:13
	android:name
		ADDED from AndroidManifest.xml:86:13
uses-sdk
INJECTED from AndroidManifest.xml:0:0 reason: use-sdk injection requested
MERGED from com.android.support:support-v4:22.1.1:20:5
MERGED from com.braintreepayments.api:braintree:1.4.0:8:5
MERGED from com.braintreepayments:card-form:1.4.0:8:5
	android:targetSdkVersion
		INJECTED from AndroidManifest.xml:0:0
		INJECTED from AndroidManifest.xml:0:0
	android:minSdkVersion
		INJECTED from AndroidManifest.xml:0:0
		INJECTED from AndroidManifest.xml:0:0
activity#com.braintreepayments.api.threedsecure.ThreeDSecureWebViewActivity
ADDED from com.braintreepayments.api:braintree:1.4.0:19:9
	android:name
		ADDED from com.braintreepayments.api:braintree:1.4.0:19:19
activity#com.paypal.android.sdk.payments.PayPalProfileSharingActivity
ADDED from com.braintreepayments.api:braintree:1.4.0:20:9
	android:name
		ADDED from com.braintreepayments.api:braintree:1.4.0:20:19
activity#com.paypal.android.sdk.payments.ProfileSharingConsentActivity
ADDED from com.braintreepayments.api:braintree:1.4.0:21:9
	android:name
		ADDED from com.braintreepayments.api:braintree:1.4.0:21:19
activity#com.paypal.android.sdk.payments.FuturePaymentInfoActivity
ADDED from com.braintreepayments.api:braintree:1.4.0:22:9
	android:name
		ADDED from com.braintreepayments.api:braintree:1.4.0:22:19
activity#com.paypal.android.sdk.payments.LoginActivity
ADDED from com.braintreepayments.api:braintree:1.4.0:23:9
	android:name
		ADDED from com.braintreepayments.api:braintree:1.4.0:23:19
activity#com.paypal.android.sdk.payments.PayPalTouchActivity
ADDED from com.braintreepayments.api:braintree:1.4.0:24:9
	android:theme
		ADDED from com.braintreepayments.api:braintree:1.4.0:26:13
	android:name
		ADDED from com.braintreepayments.api:braintree:1.4.0:25:13
service#com.paypal.android.sdk.payments.PayPalService
ADDED from com.braintreepayments.api:braintree:1.4.0:28:9
	android:exported
		ADDED from com.braintreepayments.api:braintree:1.4.0:30:13
	android:name
		ADDED from com.braintreepayments.api:braintree:1.4.0:29:13